2025-06-05 12:22:08.131 | INFO     | __main__:wrapper:18 - 执行开始
2025-06-05 12:22:08.132 | INFO     | __main__:wrapper:18 - 执行开始
2025-06-05 12:22:09.073 | INFO     | __main__:spider_url:56 - ThreadPoolExecutor-0_1 --> 2010-01-05 22:24:02 ---- 333 -------- 未来千年A片发展之趋势
2025-06-05 12:22:09.073 | INFO     | __main__:spider_url:56 - ThreadPoolExecutor-0_1 --> 2010-01-19 18:46:22 ---- 333 -------- 阿凡达：一个回不去的童话？
2025-06-05 12:22:09.074 | INFO     | __main__:spider_url:56 - ThreadPoolExecutor-0_1 --> 2009-12-27 08:44:48 ---- 333 -------- 我们祖先的土地终将安抚潘多拉的游魂
2025-06-05 12:22:09.074 | INFO     | __main__:spider_url:56 - ThreadPoolExecutor-0_1 --> 2010-01-14 05:05:21 ---- 333 -------- 一面镜子，看无知的文明怎样进化
2025-06-05 12:22:09.075 | INFO     | __main__:spider_url:56 - ThreadPoolExecutor-0_1 --> 2010-01-10 08:12:52 ---- 333 -------- 一些幕后花絮和容易忽视的细节
2025-06-05 12:22:09.075 | INFO     | __main__:spider_url:56 - ThreadPoolExecutor-0_1 --> 2010-01-04 10:01:16 ---- 333 -------- how to be a good NAVI
2025-06-05 12:22:09.076 | INFO     | __main__:spider_url:56 - ThreadPoolExecutor-0_1 --> 2021-03-16 12:00:20 ---- 333 -------- 《阿凡达》：十年一睁电影梦
2025-06-05 12:22:09.076 | INFO     | __main__:spider_url:56 - ThreadPoolExecutor-0_1 --> 2010-01-14 11:34:04 ---- 333 -------- 我看见你
2025-06-05 12:22:09.076 | INFO     | __main__:spider_url:56 - ThreadPoolExecutor-0_1 --> 2010-01-07 13:01:55 ---- 333 -------- 《阿凡达》凸显了中国电影“价值观短板”
2025-06-05 12:22:09.077 | INFO     | __main__:spider_url:56 - ThreadPoolExecutor-0_1 --> 2010-01-13 19:36:51 ---- 333 -------- I see you
2025-06-05 12:22:09.077 | INFO     | __main__:spider_url:56 - ThreadPoolExecutor-0_1 --> 2009-12-17 23:18:38 ---- 333 -------- 《Avatar》:导演你那么牛B哄哄，牛的OOXX生活怎么办？（极少剧透，欢迎赤裸围观）
2025-06-05 12:22:09.077 | INFO     | __main__:spider_url:56 - ThreadPoolExecutor-0_1 --> 2017-06-02 13:05:01 ---- 333 -------- 视觉的盛宴
2025-06-05 12:22:09.078 | INFO     | __main__:spider_url:56 - ThreadPoolExecutor-0_1 --> 2010-01-07 18:06:25 ---- 333 -------- 所有做大事的人都应该像卡梅隆一般执着
2025-06-05 12:22:09.078 | INFO     | __main__:spider_url:56 - ThreadPoolExecutor-0_1 --> 2018-03-07 16:19:46 ---- 333 -------- 阿凡达
2025-06-05 12:22:09.078 | INFO     | __main__:spider_url:56 - ThreadPoolExecutor-0_1 --> 2010-01-06 08:01:27 ---- 333 -------- 我是一名《Avatar》国内首映的观众
2025-06-05 12:22:09.079 | INFO     | __main__:spider_url:56 - ThreadPoolExecutor-0_1 --> 2021-03-16 22:22:38 ---- 333 -------- 从星际到大气：电影《阿凡达》中的飞行器设定
2025-06-05 12:22:09.080 | INFO     | __main__:spider_url:56 - ThreadPoolExecutor-0_1 --> 2010-03-08 15:51:34 ---- 333 -------- 奥斯卡肯定了avatar在电玩城的地位
2025-06-05 12:22:09.080 | INFO     | __main__:spider_url:56 - ThreadPoolExecutor-0_1 --> 2010-01-16 21:51:14 ---- 333 -------- 究竟什么是圣母Eywa——关于《阿凡达》星球网络、塞伯朋克（含剧透，慎重）
2025-06-05 12:22:09.080 | INFO     | __main__:wrapper:20 - 执行结束
2025-06-05 12:22:09.320 | INFO     | __main__:spider_url:56 - ThreadPoolExecutor-0_0 --> 2010-01-06 09:50:38 ---- 333 -------- 一封迟到500年的道歉信，3D的
2025-06-05 12:22:09.321 | INFO     | __main__:spider_url:56 - ThreadPoolExecutor-0_0 --> 2009-12-20 09:32:49 ---- 333 -------- 《阿凡达》：一次伟大的反拆迁斗争
2025-06-05 12:22:09.321 | INFO     | __main__:spider_url:56 - ThreadPoolExecutor-0_0 --> 2010-01-08 12:52:41 ---- 333 -------- 各版本效果比较|3D放映技术扫盲|各地推荐影城(9.10更新)
2025-06-05 12:22:09.321 | INFO     | __main__:spider_url:56 - ThreadPoolExecutor-0_0 --> 2009-12-16 09:43:05 ---- 333 -------- 如有雷同，绝非巧合
2025-06-05 12:22:09.322 | INFO     | __main__:spider_url:56 - ThreadPoolExecutor-0_0 --> 2009-12-21 18:04:23 ---- 333 -------- 好莱坞电影的崭新时代
2025-06-05 12:22:09.322 | INFO     | __main__:spider_url:56 - ThreadPoolExecutor-0_0 --> 2021-03-23 12:21:46 ---- 333 -------- 重映了才发现《阿凡达》院线字幕问题那么大
2025-06-05 12:22:09.322 | INFO     | __main__:spider_url:56 - ThreadPoolExecutor-0_0 --> 2010-01-06 09:45:52 ---- 333 -------- 阿凡达：文明的野蛮人
2025-06-05 12:22:09.322 | INFO     | __main__:spider_url:56 - ThreadPoolExecutor-0_0 --> 2010-01-04 14:10:35 ---- 333 -------- 不要迷恋《阿凡达》
2025-06-05 12:22:09.322 | INFO     | __main__:spider_url:56 - ThreadPoolExecutor-0_0 --> 2010-01-25 19:01:48 ---- 333 -------- 眼里心里和梦里的创世福音——写在《阿凡达》即将破船之际
2025-06-05 12:22:09.323 | INFO     | __main__:spider_url:56 - ThreadPoolExecutor-0_0 --> 2009-12-21 01:48:54 ---- 333 -------- 《阿凡达》：最想环游的世界，我曾存在150分钟
2025-06-05 12:22:09.323 | INFO     | __main__:spider_url:56 - ThreadPoolExecutor-0_0 --> 2009-11-22 06:38:03 ---- 333 -------- 《阿凡达》的视觉修养
2025-06-05 12:22:09.323 | INFO     | __main__:spider_url:56 - ThreadPoolExecutor-0_0 --> 2010-01-06 16:00:32 ---- 333 -------- 《阿凡达》观后感
2025-06-05 12:22:09.323 | INFO     | __main__:spider_url:56 - ThreadPoolExecutor-0_0 --> 2010-01-06 10:41:11 ---- 333 -------- 【转载】无责任吐槽——我太认真我输了……
2025-06-05 12:22:09.323 | INFO     | __main__:spider_url:56 - ThreadPoolExecutor-0_0 --> 2010-01-04 05:58:59 ---- 333 -------- 阿凡达：异族或异种
2025-06-05 12:22:09.323 | INFO     | __main__:spider_url:56 - ThreadPoolExecutor-0_0 --> 2010-01-08 19:34:05 ---- 333 -------- 在潘多拉上向科幻大师们致敬
2025-06-05 12:22:09.324 | INFO     | __main__:spider_url:56 - ThreadPoolExecutor-0_0 --> 2010-01-25 19:16:42 ---- 333 -------- 眼里心里和梦里的创世福音——写在《阿凡达》即将破船之际
2025-06-05 12:22:09.324 | INFO     | __main__:spider_url:56 - ThreadPoolExecutor-0_0 --> 2010-01-06 13:59:04 ---- 333 -------- 阿凡达——一部关于网瘾综合症的纪录片
2025-06-05 12:22:09.324 | INFO     | __main__:spider_url:56 - ThreadPoolExecutor-0_0 --> 2009-12-23 00:18:45 ---- 333 -------- 美丽新世界——AVATAR初步观感
2025-06-05 12:22:09.324 | INFO     | __main__:spider_url:56 - ThreadPoolExecutor-0_0 --> 2009-12-20 18:45:18 ---- 333 -------- 20091220 基于生物工程的云计算--Avatar里的生物，物理，和其他自然科学
2025-06-05 12:22:09.325 | INFO     | __main__:spider_url:56 - ThreadPoolExecutor-0_0 --> 2010-01-04 17:24:31 ---- 333 -------- Avatar观影前准备工作经验谈（附国内各大商业IMAX屏尺寸）
2025-06-05 12:22:09.325 | INFO     | __main__:wrapper:20 - 执行结束
2025-06-05 12:22:09.325 | INFO     | __main__:<module>:75 - 线程运行时间长：1.19 秒
